\set VERBOSITY terse
-- predictability
SET synchronous_commit = on;
SELECT 'init' FROM pg_create_logical_replication_slot('regression_slot', 'wal2json');
 ?column? 
----------
 init
(1 row)

SELECT data FROM pg_logical_slot_get_changes('regression_slot', NULL, NULL, 'nosuchopt', '42');
ERROR:  option "nosuchopt" = "42" is unknown
-- By default don't write in chunks
CREATE TABLE x ();
DROP TABLE x;
SELECT data FROM pg_logical_slot_peek_changes('regression_slot', NULL, NULL, 'include-xids', 'f', 'skip-empty-xacts', '0');
     data      
---------------
 {"change":[]}
 {"change":[]}
(2 rows)

SELECT data FROM pg_logical_slot_get_changes('regression_slot', NULL, NULL, 'include-xids', 'f', 'write-in-chunks', 't', 'skip-empty-xacts', '0');
    data     
-------------
 {"change":[
 ]}
 {"change":[
 ]}
(4 rows)

-- By default don't write xids
CREATE TABLE gimmexid (id integer PRIMARY KEY);
INSERT INTO gimmexid values (1);
DROP TABLE gimmexid;
SELECT max(((data::json) -> 'xid')::text::int) < txid_current() FROM pg_logical_slot_peek_changes('regression_slot', NULL, NULL, 'include-xids', '1', 'skip-empty-xacts', '0');
 ?column? 
----------
 t
(1 row)

SELECT max(((data::json) -> 'xid')::text::int) + 10 > txid_current() FROM pg_logical_slot_peek_changes('regression_slot', NULL, NULL, 'include-xids', '1', 'skip-empty-xacts', '0');
 ?column? 
----------
 t
(1 row)

SELECT data FROM pg_logical_slot_get_changes('regression_slot', NULL, NULL, 'skip-empty-xacts', '0') WHERE ((data::json) -> 'xid') IS NOT NULL;
 data 
------
(0 rows)

-- By default don't include empty transactions
CREATE TABLE emptyxact (id integer PRIMARY KEY);
INSERT INTO emptyxact values (1);
DROP TABLE emptyxact;
SELECT data FROM pg_logical_slot_get_changes('regression_slot', NULL, NULL);
                                                                data                                                                 
-------------------------------------------------------------------------------------------------------------------------------------
 {"change":[{"kind":"insert","schema":"public","table":"emptyxact","columnnames":["id"],"columntypes":["int4"],"columnvalues":[1]}]}
(1 row)

SELECT 'stop' FROM pg_drop_replication_slot('regression_slot');
 ?column? 
----------
 stop
(1 row)

